<?xml version="1.0" encoding="UTF-8"?>
<!-- Generated by org.testng.reporters.JUnitReportReporter -->
<testsuite hostname="User-PC" failures="0" tests="5" name="apiTests.LoginTest" time="4.924" errors="0" timestamp="2023-09-14T08:28:04 IDT" skipped="0">
  <testcase classname="apiTests.LoginTest" name="testInvalidPasswordLogin" time="0.509"/>
  <system-out/>
  <testcase classname="apiTests.LoginTest" name="testInvalidEmailLogin" time="2.814"/>
  <system-out/>
  <testcase classname="apiTests.LoginTest" name="testSuccessfulLogin" time="0.551"/>
  <system-out/>
  <testcase classname="apiTests.LoginTest" name="testLoginContentType" time="0.506"/>
  <system-out/>
  <testcase classname="apiTests.LoginTest" name="testLoginResponseTime" time="0.544"/>
  <system-out/>
</testsuite> <!-- apiTests.LoginTest -->
