<?xml version="1.0" encoding="UTF-8"?>
<!-- Generated by org.testng.reporters.JUnitReportReporter -->
<testsuite hostname="User-PC" failures="0" tests="3" name="apiTests.WhoAmITest" time="2.849" errors="0" timestamp="2023-09-14T08:28:04 IDT" skipped="0">
  <testcase classname="apiTests.WhoAmITest" name="testWhoAmIWithInvalidToken" time="0.693"/>
  <system-out/>
  <testcase classname="apiTests.WhoAmITest" name="testWhoAmI" time="1.524"/>
  <system-out/>
  <testcase classname="apiTests.WhoAmITest" name="testWhoAmIWithoutToken" time="0.632"/>
  <system-out/>
</testsuite> <!-- apiTests.WhoAmITest -->
