<?xml version="1.0" encoding="UTF-8"?>
<!-- Generated by org.testng.reporters.JUnitReportReporter -->
<testsuite hostname="User-PC" failures="0" tests="5" name="apiTests.LoginTest" time="3.680" errors="0" timestamp="2023-09-14T08:08:23 IDT" skipped="0">
  <testcase classname="apiTests.LoginTest" name="testLoginResponseTime" time="0.530"/>
  <system-out/>
  <testcase classname="apiTests.LoginTest" name="testInvalidEmailLogin" time="1.581"/>
  <system-out/>
  <testcase classname="apiTests.LoginTest" name="testInvalidPasswordLogin" time="0.521"/>
  <system-out/>
  <testcase classname="apiTests.LoginTest" name="testSuccessfulLogin" time="0.528"/>
  <system-out/>
  <testcase classname="apiTests.LoginTest" name="testLoginContentType" time="0.520"/>
  <system-out/>
</testsuite> <!-- apiTests.LoginTest -->
